<?xml version="1.0" encoding="UTF-8"?>
<testsuite xmlns:xsi="http://www.w3.org/2001/XMLSchema-instance" xsi:noNamespaceSchemaLocation="https://maven.apache.org/surefire/maven-surefire-plugin/xsd/surefire-test-report.xsd" version="3.0.2" name="com.medflow.medflowauthservice.MedflowAuthServiceApplicationTests" time="26.959" tests="1" errors="0" skipped="0" failures="0" flakes="0">
  <properties>
[...]
</properties>
  <testcase name="contextLoads" classname="com.medflow.medflowauthservice.MedflowAuthServiceApplicationTests" time="1.118">
    <system-out><![CDATA[16:22:51.764 [main] INFO org.springframework.test.context.support.AnnotationConfigContextLoaderUtils -- Could not detect default configuration classes for test class [com.medflow.medflowauthservice.MedflowAuthServiceApplicationTests]: MedflowAuthServiceApplicationTests does not declare any static, non-private, non-final, nested classes annotated with @Configuration.
16:22:52.266 [main] INFO org.springframework.boot.test.context.SpringBootTestContextBootstrapper -- Found @SpringBootConfiguration com.medflow.medflowauthservice.MedflowAuthServiceApplication for test class com.medflow.medflowauthservice.MedflowAuthServiceApplicationTests
16:22:52.598 [main] INFO org.springframework.test.context.support.AnnotationConfigContextLoaderUtils -- Could not detect default configuration classes for test class [com.medflow.medflowauthservice.MedflowAuthServiceApplicationTests]: MedflowAuthServiceApplicationTests does not declare any static, non-private, non-final, nested classes annotated with @Configuration.
16:22:52.607 [main] INFO org.springframework.boot.test.context.SpringBootTestContextBootstrapper -- Found @SpringBootConfiguration com.medflow.medflowauthservice.MedflowAuthServiceApplication for test class com.medflow.medflowauthservice.MedflowAuthServiceApplicationTests
16:22:53.115 [main] INFO org.springframework.boot.devtools.restart.RestartApplicationListener -- Restart disabled due to context in which it is running

  .   ____          _            __ _ _
 /\\ / ___'_ __ _ _(_)_ __  __ _ \ \ \ \
( ( )\___ | '_ | '_| | '_ \/ _` | \ \ \ \
 \\/  ___)| |_)| | | | | || (_| |  ) ) ) )
  '  |____| .__|_| |_|_| |_\__, | / / / /
 =========|_|==============|___/=/_/_/_/

 :: Spring Boot ::                (v4.1.1)

2026-08-30T16:22:54.573+05:30  INFO 20764 --- [medflow-auth-service] [           main] c.m.m.MedflowAuthServiceApplicationTests : Starting MedflowAuthServiceApplicationTests using Java 21.0.12 with PID 20764 (started by Admin in C:\Users\Admin\IdeaProjects\medflow-auth-service)
2026-08-30T16:22:54.580+05:30  INFO 20764 --- [medflow-auth-service] [           main] c.m.m.MedflowAuthServiceApplicationTests : The following 1 profile is active: "test"
2026-08-30T16:22:57.696+05:30  INFO 20764 --- [medflow-auth-service] [           main] .s.d.r.c.RepositoryConfigurationDelegate : Bootstrapping Spring Data JPA repositories in DEFAULT mode.
2026-08-30T16:22:57.947+05:30  INFO 20764 --- [medflow-auth-service] [           main] .s.d.r.c.RepositoryConfigurationDelegate : Finished Spring Data repository scanning in 185 ms. Found 7 JPA repository interfaces.
2026-08-30T16:23:00.744+05:30  INFO 20764 --- [medflow-auth-service] [           main] org.hibernate.orm.jpa                    : HHH008540: Processing PersistenceUnitInfo [name: default]
2026-08-30T16:23:01.097+05:30  INFO 20764 --- [medflow-auth-service] [           main] org.hibernate.orm.core                   : HHH000001: Hibernate ORM core version 7.4.5.Final
2026-08-30T16:23:03.353+05:30  INFO 20764 --- [medflow-auth-service] [           main] o.s.o.j.p.SpringPersistenceUnitInfo      : No LoadTimeWeaver setup: ignoring JPA class transformer
2026-08-30T16:23:03.476+05:30  INFO 20764 --- [medflow-auth-service] [           main] com.zaxxer.hikari.HikariDataSource       : HikariPool-1 - Starting...
2026-08-30T16:23:04.235+05:30  INFO 20764 --- [medflow-auth-service] [           main] com.zaxxer.hikari.pool.HikariPool        : HikariPool-1 - Added connection conn0: url=jdbc:h2:mem:medflow-test user=SA
2026-08-30T16:23:04.248+05:30  INFO 20764 --- [medflow-auth-service] [           main] com.zaxxer.hikari.HikariDataSource       : HikariPool-1 - Start completed.
2026-08-30T16:23:04.335+05:30  WARN 20764 --- [medflow-auth-service] [           main] org.hibernate.orm.deprecation            : HHH90000025: H2Dialect does not need to be specified explicitly using 'hibernate.dialect' (remove the property setting and it will be selected by default)
2026-08-30T16:23:04.463+05:30  INFO 20764 --- [medflow-auth-service] [           main] org.hibernate.orm.connections.pooling    : HHH10001005: Database info:
	Database JDBC URL [jdbc:h2:mem:medflow-test]
	Database driver: H2 JDBC Driver
	Database dialect: H2Dialect
	Database version: 2.4.240
	Default catalog/schema: MEDFLOW-TEST/PUBLIC
	Autocommit mode: undefined/unknown
	Isolation level: READ_COMMITTED [default READ_COMMITTED]
	JDBC fetch size: 100
	Pool: DataSourceConnectionProvider
	Minimum pool size: undefined/unknown
	Maximum pool size: undefined/unknown
2026-08-30T16:23:08.588+05:30  INFO 20764 --- [medflow-auth-service] [           main] org.hibernate.orm.core                   : HHH000489: No JTA platform available (set 'hibernate.transaction.jta.platform' to enable JTA platform integration)
2026-08-30T16:23:08.835+05:30  INFO 20764 --- [medflow-auth-service] [           main] j.LocalContainerEntityManagerFactoryBean : Initialized JPA EntityManagerFactory for persistence unit 'default'
2026-08-30T16:23:09.392+05:30  INFO 20764 --- [medflow-auth-service] [           main] o.s.d.j.r.query.QueryEnhancerFactories   : Hibernate is in classpath; If applicable, HQL parser will be used.
2026-08-30T16:23:11.986+05:30  INFO 20764 --- [medflow-auth-service] [           main] eAuthenticationProviderManagerConfigurer : Global AuthenticationManager configured with AuthenticationProvider bean with name policyAuthenticationProvider
2026-08-30T16:23:11.988+05:30  WARN 20764 --- [medflow-auth-service] [           main] r$InitializeUserDetailsManagerConfigurer : Global AuthenticationManager configured with an AuthenticationProvider bean. UserDetailsService beans will not be used by Spring Security for automatically configuring username/password login. Consider removing the AuthenticationProvider bean. Alternatively, consider using the UserDetailsService in a manually instantiated DaoAuthenticationProvider. If the current configuration is intentional, to turn off this warning, increase the logging level of 'org.springframework.security.config.annotation.authentication.configuration.InitializeUserDetailsBeanManagerConfigurer' to ERROR
2026-08-30T16:23:14.609+05:30  INFO 20764 --- [medflow-auth-service] [           main] c.m.m.MedflowAuthServiceApplicationTests : Started MedflowAuthServiceApplicationTests in 21.596 seconds (process running for 26.208)
]]></system-out>
    <system-err><![CDATA[Mockito is currently self-attaching to enable the inline-mock-maker. This will no longer work in future releases of the JDK. Please add Mockito as an agent to your build as described in Mockito's documentation: https://javadoc.io/doc/org.mockito/mockito-core/latest/org.mockito/org/mockito/Mockito.html#0.3
WARNING: A Java agent has been loaded dynamically (C:\Users\Admin\.m2\repository\net\bytebuddy\byte-buddy-agent\1.18.11\byte-buddy-agent-1.18.11.jar)
WARNING: If a serviceability tool is in use, please run with -XX:+EnableDynamicAgentLoading to hide this warning
WARNING: If a serviceability tool is not in use, please run with -Djdk.instrument.traceUsage for more information
WARNING: Dynamic loading of agents will be disallowed by default in a future release
]]></system-err>
  </testcase>
</testsuite>